Running in restricted mode: identify_job

Copyright (C) 1994-2021 Synopsys, Inc.
This Synopsys software and all associated documentation are proprietary to Synopsys, Inc.
and may only be used pursuant to the terms and conditions of a written license agreement
with Synopsys, Inc. All other use, reproduction, modification, or distribution of the
Synopsys software or the associated documentation is strictly prohibited.
Tool: Identify (R) Instrumentor
Build: S-2021.09M-SP1
Install: /usr/local/microchip/Libero_SoC_v2022.2/SynplifyPro
OS: Manjaro Linux
Hostname: eric-manjaro
max virtual memory: unlimited (bytes)
max user processes: 514587
max stack size: 8388608 (bytes)


Implementation : synthesis_1

Arguments:   -tsl JhrVKipd -af _CMD_IDENTIFY_COMPILE.CML
ProductType: identify_instrumentor




*** Integrated Instrumentor ***
Added instrumentation 'synthesis' to the project
Added instrumentation 'synthesis_1' to the project
. has been added to search path.
Loading instrumentation 'synthesis_1'
Source IDC file /home/eraguzin/nextcloud/LuSEE/Libero/projects/uart/synthesis/synthesis_1/identify.idc
Setting IICE sample clock to '/architecture_top_level/uart_reader_i/clk' for IICE named 'IICE'
Instrumenting design `top_level' in directory /home/eraguzin/nextcloud/LuSEE/Libero/projects/uart/synthesis/synthesis_1
Current instrumentation information: 	IICE=IICE 
		FPGA=regular 
		Total instrumentation in bits: Sample Only 25, Trigger Only 1, Sample and trigger 2
		Group wise instrumentation in bits: 
					Group NM:Sample Only 21, Sample and trigger 4
					Group s1:Sample Only 4, Sample and trigger 0
		Maximum sample clock frequency is same as maximum user clock frequency (as reported by P&R)
exit status=0
Unloading current instrumentation 'synthesis_1'
