Software Version: 2022.2.0.10
Programmer 'E2006ZGY1U' : JTAG TCK / SPI SCK frequency = 1 MHz
programmer 'E2006ZGY1U' : FlashPro5
Opened '/home/eraguzin/nextcloud/LuSEE/Libero/projects/uart/designer/top_level/top_level_fp/top_level.pro'
The 'open_project' command succeeded.
Info: Programming is already enabled for device 'MPF300T'.
The 'enable_device' command succeeded.
PPD file '/home/eraguzin/nextcloud/LuSEE/Libero/projects/uart/designer/top_level/top_level.ppd' has been loaded successfully.
DESIGN : top_level;  CHECKSUM : 6150;  PDB_VERSION : 1.0
The 'set_programming_file' command succeeded.
The 'set_programming_action' command succeeded.
programmer 'E2006ZGY1U' : Scan Chain...
Programmer 'E2006ZGY1U' : JTAG TCK / SPI SCK frequency = 1 MHz
programmer 'E2006ZGY1U' : Check Chain...
programmer 'E2006ZGY1U' : Scan and Check Chain PASSED.
programmer 'E2006ZGY1U' : device 'MPF300T' : Executing action PROGRAM
Programmer 'E2006ZGY1U' : JTAG TCK / SPI SCK frequency = 4 MHz
programmer 'E2006ZGY1U' : device 'MPF300T' : EXPORT Algo_version[16] = 0002
programmer 'E2006ZGY1U' : device 'MPF300T' : EXPORT IDCODE[32] = 5f8131cf
programmer 'E2006ZGY1U' : device 'MPF300T' : EXPORT ISC_ENABLE_RESULT[32] = 00000000
programmer 'E2006ZGY1U' : device 'MPF300T' : EXPORT CRCERR[1] = 0
programmer 'E2006ZGY1U' : device 'MPF300T' : Programming Mode: JTAG
programmer 'E2006ZGY1U' : device 'MPF300T' : Programming FPGA Array and sNVM...
programmer 'E2006ZGY1U' : device 'MPF300T' : EXPORT BITS component bitstream digest[256] = e628346f15f57b0bb57f2a9a7ba39a841126caa067b4873fa03d218c2fd0001c
programmer 'E2006ZGY1U' : device 'MPF300T' : EXPORT Fabric component bitstream digest[256] = ce4ab460c51aa615ea2b63cb68d34dca4389a43a735ecfdccce9f3c72c262fb9
programmer 'E2006ZGY1U' : device 'MPF300T' : EXPORT sNVM component bitstream digest[256] = db61bfca664d016b048e77cd2484a71c4f0339c49745274e39ec99abf6d8af4c
programmer 'E2006ZGY1U' : device 'MPF300T' : EXPORT EOB component bitstream digest[256] = db573b72b9f6cccc828bb33f8b356d287a6f5805408e4e5c7e8ad52aaa224354
programmer 'E2006ZGY1U' : device 'MPF300T' : ===================================================================================
programmer 'E2006ZGY1U' : device 'MPF300T' : EXPORT DSN[128] = 6e2e18569187f978e18dd560d7ed78c6
programmer 'E2006ZGY1U' : device 'MPF300T' : ===================================================================================
programmer 'E2006ZGY1U' : device 'MPF300T' : Finished: Wed Nov  9 16:15:03 2022 (Elapsed time 00:02:26)
programmer 'E2006ZGY1U' : device 'MPF300T' : Executing action PROGRAM PASSED.
programmer 'E2006ZGY1U' : Chain programming PASSED.
Chain Programming Finished: Wed Nov  9 16:15:03 2022 (Elapsed time 00:02:26)

                        o - o - o - o - o - o

The 'run_selected_actions' command succeeded.
Project saved.
The 'save_project' command succeeded.
Project closed.
The 'close_project' command succeeded.
The Execute Script command succeeded.
