
                             Identify (R) Debugger 

               Version S-2021.09M-SP1 for RHEL64 - Jun 14, 2022 

                    Copyright (c) 1988 - 2022 Synopsys, Inc.
   This software and the associated documentation are proprietary to Synopsys,
 Inc. This software may only be used in accordance with the terms and conditions
 of a written license agreement with Synopsys, Inc. All other use, reproduction,
   or distribution of this software is strictly prohibited.  Licensed Products
     communicate with Synopsys servers for the purpose of providing software
    updates, detecting software piracy and verifying that customers are using
    Licensed Products in conformity with the applicable License Key for such
  Licensed Products. Synopsys will use information gathered in connection with
    this process to deliver software updates and pursue software pirates and
                                   infringers.

 Inclusivity & Diversity - Visit SolvNetPlus to read the "Synopsys Statement on
            Inclusivity and Diversity" (Refer to article 000036315 at
                        https://solvnetplus.synopsys.com)

Starting:    /usr/local/microchip/Libero_SoC_v2022.2/Identify/linux_a_64/mbin/identify_debugger
Install:     /usr/local/microchip/Libero_SoC_v2022.2/Identify
Hostname:    eric-manjaro
Date:        Wed Oct 26 11:10:12 2022
Version:     S-2021.09M-SP1

Arguments:   top_level_syn.prj
ProductType: identify_debugger

License checkout: identdebugger_actel
License: identdebugger_actel from server iolicense2.inst.bnl.gov 
Licensed Vendor: actel
License Option: actel_oem



Warning: Project '/home/eraguzin/nextcloud/LuSEE/Libero/projects/uart/synthesis/top_level_syn.prj' has no debug implementation
Note: The debugger obtained its own license
