1666893344 -13:55:44 -17629453 -ipcClient::Reconnect params
Hostname:  127.0.0.1
Port:      58109
Logfile:   /home/eraguzin/nextcloud/LuSEE/Libero/projects/uart/synthesis/ipc_tcp_microsemi_2984032_139976138314992.log
Reconnect: 0
Use ipv6:  0

1666893344 -13:55:44 -115 -::HaveSocketEvent, wait for ::select
1666893344 -13:55:44 -115 -::HaveSocketEvent, timeout for select: tv.tv_sec: 0 tv.tv_usec: 600000
1666893345 -13:55:45 -107 -goto REPEAT, ::connect as unblocked, - addr_rp->ai_next == nullptr
1666893345 -13:55:45 -115 -::HaveSocketEvent, wait for ::select
1666893345 -13:55:45 -115 -::HaveSocketEvent, timeout for select: tv.tv_sec: 0 tv.tv_usec: 600000
1666893345 -13:55:45 -107 -goto REPEAT, ::connect as unblocked, - addr_rp->ai_next == nullptr
1666893345 -13:55:45 -115 -::HaveSocketEvent, wait for ::select
1666893345 -13:55:45 -115 -::HaveSocketEvent, timeout for select: tv.tv_sec: 0 tv.tv_usec: 600000
1666893345 -13:55:45 -107 -ipcClient.socket or .connect
1666893345 -13:55:45 -17629453 -ipcClient::Reconnect params
Hostname:  127.0.0.1
Port:      58109
Logfile:   /home/eraguzin/nextcloud/LuSEE/Libero/projects/uart/synthesis/ipc_tcp_microsemi_2984032_139976138314992.log
Reconnect: 0
Use ipv6:  0

1666893345 -13:55:45 -115 -::HaveSocketEvent, wait for ::select
1666893345 -13:55:45 -115 -::HaveSocketEvent, timeout for select: tv.tv_sec: 15 tv.tv_usec: 0
1666893346 -13:55:46 -107 -goto REPEAT, ::connect as blocked, - addr_rp->ai_next == nullptr
