argv 1 top_level_syn.prj
argv 1 /usr/local/microchip/Libero_SoC_v2022.2/SynplifyPro/lib
argv 2 -tsl
argv 4 -idb
argv 6 -prj
argv 8 -curimpl
argv 10 -product
argv 1 -tsl
argv 3 -idb
argv 5 -synplify_install
argv 7 -synplify_tool
argv 9 -log
argv 10 /home/eraguzin/nextcloud/LuSEE/Libero/projects/uart/synthesis/synthesis_1/synlog/top_level_identify_compile.log
argv 11 -family
argv 12 POLARFIRE
argv 13 -prj
argv 15 -curimpl
argv 17 -dbgimpl
argv 18 synthesis_1
argv 19 -fver
argv 21 -idc
argv 23 -f
argv 25 -jobname
argv 27 -ppid
argv 1 /usr/local/microchip/Libero_SoC_v2022.2/SynplifyPro/lib
argv 2 -tsl
argv 4 -idb
argv 6 -prj
argv 8 -curimpl
argv 10 -product
argv 1 /usr/local/microchip/Libero_SoC_v2022.2/SynplifyPro/lib
argv 2 -tsl
argv 4 -idb
argv 6 -prj
argv 8 -curimpl
argv 10 -product
argv 1 /usr/local/microchip/Libero_SoC_v2022.2/SynplifyPro/lib
argv 2 -tsl
argv 4 -idb
argv 6 -prj
argv 8 -curimpl
argv 10 -product
argv 1 -tsl
argv 3 -idb
argv 5 -synplify_install
argv 7 -synplify_tool
argv 9 -log
argv 10 /home/eraguzin/nextcloud/LuSEE/Libero/projects/uart/synthesis/synthesis_1/synlog/top_level_identify_compile.log
argv 11 -family
argv 12 POLARFIRE
argv 13 -prj
argv 15 -curimpl
argv 17 -dbgimpl
argv 18 synthesis_1
argv 19 -fver
argv 21 -idc
argv 23 -f
argv 25 -jobname
argv 27 -ppid
argv 1 -idb
argv 3 -synplify_install
argv 5 -synplify_tool
argv 7 -log
argv 8 /home/eraguzin/nextcloud/LuSEE/Libero/projects/uart/synthesis/synthesis_1/synlog/top_level_identify_debugger.log
argv 9 -family
argv 10 POLARFIRE
argv 11 -prj
argv 13 -curimpl
argv 15 -dbgimpl
argv 16 synthesis_1
argv 17 -fver
argv 19 -jobname
argv 21 -ppid
argv 1 -tsl
argv 3 -idb
argv 5 -synplify_install
argv 7 -synplify_tool
argv 9 -log
argv 10 /home/eraguzin/nextcloud/LuSEE/Libero/projects/uart/synthesis/synthesis_1/synlog/top_level_identify_compile.log
argv 11 -family
argv 12 POLARFIRE
argv 13 -prj
argv 15 -curimpl
argv 17 -dbgimpl
argv 18 synthesis_1
argv 19 -fver
argv 21 -idc
argv 23 -f
argv 25 -jobname
argv 27 -ppid
argv 1 -idb
argv 3 -synplify_install
argv 5 -synplify_tool
argv 7 -log
argv 8 /home/eraguzin/nextcloud/LuSEE/Libero/projects/uart/synthesis/synthesis_1/synlog/top_level_identify_debugger.log
argv 9 -family
argv 10 POLARFIRE
argv 11 -prj
argv 13 -curimpl
argv 15 -dbgimpl
argv 16 synthesis_1
argv 17 -fver
argv 19 -jobname
argv 21 -ppid
argv 1 -idb
argv 3 -synplify_install
argv 5 -synplify_tool
argv 7 -log
argv 8 /home/eraguzin/nextcloud/LuSEE/Libero/projects/uart/synthesis/synthesis_1/synlog/top_level_identify_debugger.log
argv 9 -family
argv 10 PolarFire
argv 11 -prj
argv 13 -curimpl
argv 15 -dbgimpl
argv 16 synthesis_1
argv 17 -fver
argv 19 -jobname
argv 21 -ppid
argv 1 -tsl
argv 3 -idb
argv 5 -synplify_install
argv 7 -synplify_tool
argv 9 -log
argv 10 /home/eraguzin/nextcloud/LuSEE/Libero/projects/uart/synthesis/synthesis_1/synlog/top_level_identify_compile.log
argv 11 -family
argv 12 PolarFire
argv 13 -prj
argv 15 -curimpl
argv 17 -dbgimpl
argv 18 synthesis_1
argv 19 -fver
argv 21 -idc
argv 23 -f
argv 25 -jobname
argv 27 -ppid
argv 1 /usr/local/microchip/Libero_SoC_v2022.2/SynplifyPro/lib
argv 2 -tsl
argv 4 -idb
argv 6 -prj
argv 8 -curimpl
argv 10 -product
argv 1 /usr/local/microchip/Libero_SoC_v2022.2/SynplifyPro/lib
argv 2 -tsl
argv 4 -idb
argv 6 -prj
argv 8 -curimpl
argv 10 -product
argv 1 -idb
argv 3 -synplify_install
argv 5 -synplify_tool
argv 7 -log
argv 8 /home/eraguzin/nextcloud/LuSEE/Libero/projects/uart/synthesis/synthesis_1/synlog/top_level_identify_debugger.log
argv 9 -family
argv 10 PolarFire
argv 11 -prj
argv 13 -curimpl
argv 15 -dbgimpl
argv 16 synthesis_1
argv 17 -fver
argv 19 -jobname
argv 21 -ppid
argv 1 -idb
argv 3 -synplify_install
argv 5 -synplify_tool
argv 7 -log
argv 8 /home/eraguzin/nextcloud/LuSEE/Libero/projects/uart/synthesis/synthesis_1/synlog/top_level_identify_debugger.log
argv 9 -family
argv 10 PolarFire
argv 11 -prj
argv 13 -curimpl
argv 15 -dbgimpl
argv 16 synthesis_1
argv 17 -fver
argv 19 -jobname
argv 21 -ppid
argv 1 /usr/local/microchip/Libero_SoC_v2022.2/SynplifyPro/lib
argv 2 -tsl
argv 4 -idb
argv 6 -prj
argv 8 -curimpl
argv 10 -product
argv 1 -tsl
argv 3 -idb
argv 5 -synplify_install
argv 7 -synplify_tool
argv 9 -log
argv 10 /home/eraguzin/nextcloud/LuSEE/Libero/projects/uart/synthesis/synthesis_1/synlog/top_level_identify_compile.log
argv 11 -family
argv 12 PolarFire
argv 13 -prj
argv 15 -curimpl
argv 17 -dbgimpl
argv 18 synthesis_1
argv 19 -fver
argv 21 -idc
argv 23 -f
argv 25 -jobname
argv 27 -ppid
argv 1 -idb
argv 3 -synplify_install
argv 5 -synplify_tool
argv 7 -log
argv 8 /home/eraguzin/nextcloud/LuSEE/Libero/projects/uart/synthesis/synthesis_1/synlog/top_level_identify_debugger.log
argv 9 -family
argv 10 PolarFire
argv 11 -prj
argv 13 -curimpl
argv 15 -dbgimpl
argv 16 synthesis_1
argv 17 -fver
argv 19 -jobname
argv 21 -ppid
argv 1 /usr/local/microchip/Libero_SoC_v2022.2/SynplifyPro/lib
argv 2 -tsl
argv 4 -idb
argv 6 -prj
argv 8 -curimpl
argv 10 -product
argv 1 /usr/local/microchip/Libero_SoC_v2022.2/SynplifyPro/lib
argv 2 -tsl
argv 4 -idb
argv 6 -prj
argv 8 -curimpl
argv 10 -product
argv 1 -tsl
argv 3 -idb
argv 5 -synplify_install
argv 7 -synplify_tool
argv 9 -log
argv 10 /home/eraguzin/nextcloud/LuSEE/Libero/projects/uart/synthesis/synthesis_1/synlog/top_level_identify_compile.log
argv 11 -family
argv 12 PolarFire
argv 13 -prj
argv 15 -curimpl
argv 17 -dbgimpl
argv 18 synthesis_1
argv 19 -fver
argv 21 -idc
argv 23 -f
argv 25 -jobname
argv 27 -ppid
argv 1 -idb
argv 3 -synplify_install
argv 5 -synplify_tool
argv 7 -log
argv 8 /home/eraguzin/nextcloud/LuSEE/Libero/projects/uart/synthesis/synthesis_1/synlog/top_level_identify_debugger.log
argv 9 -family
argv 10 PolarFire
argv 11 -prj
argv 13 -curimpl
argv 15 -dbgimpl
argv 16 synthesis_1
argv 17 -fver
argv 19 -jobname
argv 21 -ppid
argv 1 /usr/local/microchip/Libero_SoC_v2022.2/SynplifyPro/lib
argv 2 -tsl
argv 4 -idb
argv 6 -prj
argv 8 -curimpl
argv 10 -product
argv 1 -tsl
argv 3 -idb
argv 5 -synplify_install
argv 7 -synplify_tool
argv 9 -log
argv 10 /home/eraguzin/nextcloud/LuSEE/Libero/projects/uart/synthesis/synthesis_1/synlog/top_level_identify_compile.log
argv 11 -family
argv 12 PolarFire
argv 13 -prj
argv 15 -curimpl
argv 17 -dbgimpl
argv 18 synthesis_1
argv 19 -fver
argv 21 -idc
argv 23 -f
argv 25 -jobname
argv 27 -ppid
argv 1 -idb
argv 3 -synplify_install
argv 5 -synplify_tool
argv 7 -log
argv 8 /home/eraguzin/nextcloud/LuSEE/Libero/projects/uart/synthesis/synthesis_1/synlog/top_level_identify_debugger.log
argv 9 -family
argv 10 PolarFire
argv 11 -prj
argv 13 -curimpl
argv 15 -dbgimpl
argv 16 synthesis_1
argv 17 -fver
argv 19 -jobname
argv 21 -ppid
argv 1 /usr/local/microchip/Libero_SoC_v2022.2/SynplifyPro/lib
argv 2 -tsl
argv 4 -idb
argv 6 -prj
argv 8 -curimpl
argv 10 -product
argv 1 -tsl
argv 3 -idb
argv 5 -synplify_install
argv 7 -synplify_tool
argv 9 -log
argv 10 /home/eraguzin/nextcloud/LuSEE/Libero/projects/uart/synthesis/synthesis_1/synlog/top_level_identify_compile.log
argv 11 -family
argv 12 PolarFire
argv 13 -prj
argv 15 -curimpl
argv 17 -dbgimpl
argv 18 synthesis_1
argv 19 -fver
argv 21 -idc
argv 23 -f
argv 25 -jobname
argv 27 -ppid
argv 1 -tsl
argv 3 -idb
argv 5 -synplify_install
argv 7 -synplify_tool
argv 9 -log
argv 10 /home/eraguzin/nextcloud/LuSEE/Libero/projects/uart/synthesis/synthesis_1/synlog/top_level_identify_compile.log
argv 11 -family
argv 12 PolarFire
argv 13 -prj
argv 15 -curimpl
argv 17 -dbgimpl
argv 18 synthesis_1
argv 19 -fver
argv 21 -idc
argv 23 -f
argv 25 -jobname
argv 27 -ppid
argv 1 -tsl
argv 3 -idb
argv 5 -synplify_install
argv 7 -synplify_tool
argv 9 -log
argv 10 /home/eraguzin/nextcloud/LuSEE/Libero/projects/uart/synthesis/synthesis_1/synlog/top_level_identify_compile.log
argv 11 -family
argv 12 PolarFire
argv 13 -prj
argv 15 -curimpl
argv 17 -dbgimpl
argv 18 synthesis_1
argv 19 -fver
argv 21 -idc
argv 23 -f
argv 25 -jobname
argv 27 -ppid
argv 1 -tsl
argv 3 -idb
argv 5 -synplify_install
argv 7 -synplify_tool
argv 9 -log
argv 10 /home/eraguzin/nextcloud/LuSEE/Libero/projects/uart/synthesis/synthesis_1/synlog/top_level_identify_compile.log
argv 11 -family
argv 12 PolarFire
argv 13 -prj
argv 15 -curimpl
argv 17 -dbgimpl
argv 18 synthesis_1
argv 19 -fver
argv 21 -idc
argv 23 -f
argv 25 -jobname
argv 27 -ppid
argv 1 -tsl
argv 3 -idb
argv 5 -synplify_install
argv 7 -synplify_tool
argv 9 -log
argv 10 /home/eraguzin/nextcloud/LuSEE/Libero/projects/uart/synthesis/synthesis_1/synlog/top_level_identify_compile.log
argv 11 -family
argv 12 PolarFire
argv 13 -prj
argv 15 -curimpl
argv 17 -dbgimpl
argv 18 synthesis_1
argv 19 -fver
argv 21 -idc
argv 23 -f
argv 25 -jobname
argv 27 -ppid
argv 1 -tsl
argv 3 -idb
argv 5 -synplify_install
argv 7 -synplify_tool
argv 9 -log
argv 10 /home/eraguzin/nextcloud/LuSEE/Libero/projects/uart/synthesis/synthesis_1/synlog/top_level_identify_compile.log
argv 11 -family
argv 12 PolarFire
argv 13 -prj
argv 15 -curimpl
argv 17 -dbgimpl
argv 18 synthesis_1
argv 19 -fver
argv 21 -idc
argv 23 -f
argv 25 -jobname
argv 27 -ppid
argv 1 -tsl
argv 3 -idb
argv 5 -synplify_install
argv 7 -synplify_tool
argv 9 -log
argv 10 /home/eraguzin/nextcloud/LuSEE/Libero/projects/uart/synthesis/synthesis_1/synlog/top_level_identify_compile.log
argv 11 -family
argv 12 PolarFire
argv 13 -prj
argv 15 -curimpl
argv 17 -dbgimpl
argv 18 synthesis_1
argv 19 -fver
argv 21 -idc
argv 23 -f
argv 25 -jobname
argv 27 -ppid
