
                               Synplify Pro (R) 

               Version S-2021.09M-SP1 for RHEL64 - Jun 14, 2022 

                    Copyright (c) 1988 - 2022 Synopsys, Inc.
   This software and the associated documentation are proprietary to Synopsys,
 Inc. This software may only be used in accordance with the terms and conditions
 of a written license agreement with Synopsys, Inc. All other use, reproduction,
   or distribution of this software is strictly prohibited.  Licensed Products
     communicate with Synopsys servers for the purpose of providing software
    updates, detecting software piracy and verifying that customers are using
    Licensed Products in conformity with the applicable License Key for such
  Licensed Products. Synopsys will use information gathered in connection with
    this process to deliver software updates and pursue software pirates and
                                   infringers.

 Inclusivity & Diversity - Visit SolvNetPlus to read the "Synopsys Statement on
            Inclusivity and Diversity" (Refer to article 000036315 at
                        https://solvnetplus.synopsys.com)

Starting:    /usr/local/microchip/Libero_SoC_v2022.2/SynplifyPro/linux_a_64/mbin/synplify
Install:     /usr/local/microchip/Libero_SoC_v2022.2/SynplifyPro
Hostname:    eric-manjaro
Date:        Tue Nov  8 17:27:43 2022
Version:     S-2021.09M-SP1

Arguments:   -product synplify_pro top_level_syn.tcl
ProductType: synplify_pro

License checkout: synplifypro_actel
License: synplifypro_actel from server iolicense2.inst.bnl.gov 
Licensed Vendor: actel
License Option: actel_oem



auto_infer_blackbox is not supported in current product.
auto_infer_blackbox is not supported in current product.
TCL script complete: "top_level_syn.tcl"
Note: Opening integrated instrumentor
@N: Check out instrumentor license 'identinstrumentor_actel'
Instrumentor%
*** Integrated Instrumentor ***
Added instrumentation 'synthesis' to the project
Added instrumentation 'synthesis_1' to the project
. has been added to search path.
Loading instrumentation 'synthesis'
Warning: Could not open IDC file '/home/eraguzin/nextcloud/LuSEE/Libero/projects/uart/synthesis/identify.idc'.
Loaded XDM (Hierarchy) data base - elapsed time 0:0 Blocks=9
@N Implementation '/home/eraguzin/nextcloud/LuSEE/Libero/projects/uart/synthesis/top_level_syn.prj|synthesis' design hierarchy loaded from database
Note: Opening integrated instrumentor
Only one instrumentor view can be open at the same time. First close the active instrumentor view or IDC file.
License checkin: identinstrumentor_actel
@N: Check in instrumentor license 'identinstrumentor_actel'
Unloading current instrumentation 'synthesis'
Note: Opening integrated instrumentor
@N: Check out instrumentor license 'identinstrumentor_actel'
Running: identify_ui_flow in background

Running Flow: identify_ui_flow
# Tue Nov  8 17:28:22 2022

Running: identify_db_generator (Identify Database Generator)
# Tue Nov  8 17:28:22 2022
Job failed on: top_level_syn|synthesis_1
Copied /home/eraguzin/nextcloud/LuSEE/Libero/projects/uart/synthesis/synthesis_1/synlog/top_level_identify_db_generator.srr to /home/eraguzin/nextcloud/LuSEE/Libero/projects/uart/synthesis/synthesis_1/identify.srr

Job: "identify_db_generator" terminated with error status: 2
See log file: "/home/eraguzin/nextcloud/LuSEE/Libero/projects/uart/synthesis/synthesis_1/synlog/top_level_identify_db_generator.srr"
# Tue Nov  8 17:28:25 2022

Return Code: 2
Run Time:00h:00m:00s
Complete: identify_ui_flow
exit status=2
License checkin: synplifypro_actel
License checkin: identinstrumentor_actel
