
Copyright (C) 1994-2021 Synopsys, Inc.
This Synopsys software and all associated documentation are proprietary to Synopsys, Inc.
and may only be used pursuant to the terms and conditions of a written license agreement
with Synopsys, Inc. All other use, reproduction, modification, or distribution of the
Synopsys software or the associated documentation is strictly prohibited.
Tool: Synplify Pro (R)
Build: S-2021.09M-SP1
Install: /usr/local/microchip/Libero_SoC_v2022.2/SynplifyPro
OS: Manjaro Linux
Hostname: eric-manjaro
max virtual memory: unlimited (bytes)
max user processes: 514587
max stack size: 8388608 (bytes)


Implementation : synthesis

# Written on Mon Oct 24 17:59:38 2022

##### DESIGN INFO #######################################################

Top View:                "top_level"
Constraint File(s):      "/home/eraguzin/nextcloud/LuSEE/Libero/projects/uart/designer/top_level/synthesis.fdc"




##### SUMMARY ############################################################

Found 0 issues in 0 out of 1 constraints


##### DETAILS ############################################################



Clock Relationships
*******************

Starting     Ending       |     rise to rise     |     fall to fall     |     rise to fall     |     fall to rise                     
-------------------------------------------------------------------------------------------------------------------------------------
clk_main     clk_main     |     20.000           |     No paths         |     No paths         |     No paths                         
=====================================================================================================================================
 Note: 'No paths' indicates there are no paths in the design for that pair of clock edges.
       'Diff grp' indicates that paths exist but the starting clock and ending clock are in different clock groups.


Unconstrained Start/End Points
******************************

p:LED1
p:LED2
p:LED3
p:LED4
p:button1
p:rstn
p:rx
p:tx


Inapplicable constraints
************************

(none)


Applicable constraints with issues
**********************************

(none)


Constraints with matching wildcard expressions
**********************************************

(none)


Library Report
**************


# End of Constraint Checker Report
