argv 1 -srs_gen_hw
argv 3 -prj
argv 5 -idb
argv 7 -isrs
argv 9 -curimpl
argv 11 -write_fdc
argv 12 -log
argv 13 /home/eraguzin/nextcloud/LuSEE/Libero/projects/uart/synthesis/synthesis_1/identify.log
argv 14 -tsl
argv 16 -fidc
argv 1 -srs_gen_hw
argv 3 -prj
argv 5 -idb
argv 7 -isrs
argv 9 -curimpl
argv 11 -write_fdc
argv 12 -log
argv 13 /home/eraguzin/nextcloud/LuSEE/Libero/projects/uart/synthesis/synthesis_1/identify.log
argv 14 -tsl
argv 16 -fidc
argv 1 -idb
argv 3 -synplify_install
argv 5 -synplify_tool
argv 7 -log
argv 8 /home/eraguzin/nextcloud/LuSEE/Libero/projects/uart/synthesis/synthesis_1/synlog/top_level_identify_debugger.log
argv 9 -family
argv 10 POLARFIRE
argv 11 -prj
argv 13 -curimpl
argv 15 -dbgimpl
argv 16 synthesis_1
argv 17 -fver
argv 19 -jobname
argv 21 -ppid
argv 1 -srs_gen_hw
argv 3 -prj
argv 5 -idb
argv 7 -isrs
argv 9 -curimpl
argv 11 -write_fdc
argv 12 -log
argv 13 /home/eraguzin/nextcloud/LuSEE/Libero/projects/uart/synthesis/synthesis_1/identify.log
argv 14 -tsl
argv 16 -fidc
argv 1 -idb
argv 3 -synplify_install
argv 5 -synplify_tool
argv 7 -log
argv 8 /home/eraguzin/nextcloud/LuSEE/Libero/projects/uart/synthesis/synthesis_1/synlog/top_level_identify_debugger.log
argv 9 -family
argv 10 POLARFIRE
argv 11 -prj
argv 13 -curimpl
argv 15 -dbgimpl
argv 16 synthesis_1
argv 17 -fver
argv 19 -jobname
argv 21 -ppid
argv 1 -idb
argv 3 -synplify_install
argv 5 -synplify_tool
argv 7 -log
argv 8 /home/eraguzin/nextcloud/LuSEE/Libero/projects/uart/synthesis/synthesis_1/synlog/top_level_identify_debugger.log
argv 9 -family
argv 10 PolarFire
argv 11 -prj
argv 13 -curimpl
argv 15 -dbgimpl
argv 16 synthesis_1
argv 17 -fver
argv 19 -jobname
argv 21 -ppid
argv 1 -srs_gen_hw
argv 3 -prj
argv 5 -idb
argv 7 -isrs
argv 9 -curimpl
argv 11 -write_fdc
argv 12 -log
argv 13 /home/eraguzin/nextcloud/LuSEE/Libero/projects/uart/synthesis/synthesis_1/identify.log
argv 14 -tsl
argv 16 -fidc
argv 1 -idb
argv 3 -synplify_install
argv 5 -synplify_tool
argv 7 -log
argv 8 /home/eraguzin/nextcloud/LuSEE/Libero/projects/uart/synthesis/synthesis_1/synlog/top_level_identify_debugger.log
argv 9 -family
argv 10 PolarFire
argv 11 -prj
argv 13 -curimpl
argv 15 -dbgimpl
argv 16 synthesis_1
argv 17 -fver
argv 19 -jobname
argv 21 -ppid
argv 1 -idb
argv 3 -synplify_install
argv 5 -synplify_tool
argv 7 -log
argv 8 /home/eraguzin/nextcloud/LuSEE/Libero/projects/uart/synthesis/synthesis_1/synlog/top_level_identify_debugger.log
argv 9 -family
argv 10 PolarFire
argv 11 -prj
argv 13 -curimpl
argv 15 -dbgimpl
argv 16 synthesis_1
argv 17 -fver
argv 19 -jobname
argv 21 -ppid
argv 1 -srs_gen_hw
argv 3 -prj
argv 5 -idb
argv 7 -isrs
argv 9 -curimpl
argv 11 -write_fdc
argv 12 -log
argv 13 /home/eraguzin/nextcloud/LuSEE/Libero/projects/uart/synthesis/synthesis_1/identify.log
argv 14 -tsl
argv 16 -fidc
argv 1 -idb
argv 3 -synplify_install
argv 5 -synplify_tool
argv 7 -log
argv 8 /home/eraguzin/nextcloud/LuSEE/Libero/projects/uart/synthesis/synthesis_1/synlog/top_level_identify_debugger.log
argv 9 -family
argv 10 PolarFire
argv 11 -prj
argv 13 -curimpl
argv 15 -dbgimpl
argv 16 synthesis_1
argv 17 -fver
argv 19 -jobname
argv 21 -ppid
argv 1 -srs_gen_hw
argv 3 -prj
argv 5 -idb
argv 7 -isrs
argv 9 -curimpl
argv 11 -write_fdc
argv 12 -log
argv 13 /home/eraguzin/nextcloud/LuSEE/Libero/projects/uart/synthesis/synthesis_1/identify.log
argv 14 -tsl
argv 16 -fidc
argv 1 -idb
argv 3 -synplify_install
argv 5 -synplify_tool
argv 7 -log
argv 8 /home/eraguzin/nextcloud/LuSEE/Libero/projects/uart/synthesis/synthesis_1/synlog/top_level_identify_debugger.log
argv 9 -family
argv 10 PolarFire
argv 11 -prj
argv 13 -curimpl
argv 15 -dbgimpl
argv 16 synthesis_1
argv 17 -fver
argv 19 -jobname
argv 21 -ppid
argv 1 -srs_gen_hw
argv 3 -prj
argv 5 -idb
argv 7 -isrs
argv 9 -curimpl
argv 11 -write_fdc
argv 12 -log
argv 13 /home/eraguzin/nextcloud/LuSEE/Libero/projects/uart/synthesis/synthesis_1/identify.log
argv 14 -tsl
argv 16 -fidc
argv 1 -idb
argv 3 -synplify_install
argv 5 -synplify_tool
argv 7 -log
argv 8 /home/eraguzin/nextcloud/LuSEE/Libero/projects/uart/synthesis/synthesis_1/synlog/top_level_identify_debugger.log
argv 9 -family
argv 10 PolarFire
argv 11 -prj
argv 13 -curimpl
argv 15 -dbgimpl
argv 16 synthesis_1
argv 17 -fver
argv 19 -jobname
argv 21 -ppid
argv 1 -srs_gen_hw
argv 3 -prj
argv 5 -idb
argv 7 -isrs
argv 9 -curimpl
argv 11 -write_fdc
argv 12 -log
argv 13 /home/eraguzin/nextcloud/LuSEE/Libero/projects/uart/synthesis/synthesis_1/identify.log
argv 14 -tsl
argv 16 -fidc
argv 1 -srs_gen_hw
argv 3 -prj
argv 5 -idb
argv 7 -isrs
argv 9 -curimpl
argv 11 -write_fdc
argv 12 -log
argv 13 /home/eraguzin/nextcloud/LuSEE/Libero/projects/uart/synthesis/synthesis_1/identify.log
argv 14 -tsl
argv 16 -fidc
argv 1 -srs_gen_hw
argv 3 -prj
argv 5 -idb
argv 7 -isrs
argv 9 -curimpl
argv 11 -write_fdc
argv 12 -log
argv 13 /home/eraguzin/nextcloud/LuSEE/Libero/projects/uart/synthesis/synthesis_1/identify.log
argv 14 -tsl
argv 16 -fidc
argv 1 -srs_gen_hw
argv 3 -prj
argv 5 -idb
argv 7 -isrs
argv 9 -curimpl
argv 11 -write_fdc
argv 12 -log
argv 13 /home/eraguzin/nextcloud/LuSEE/Libero/projects/uart/synthesis/synthesis_1/identify.log
argv 14 -tsl
argv 16 -fidc
