INFO: Reading User SDC file /home/eraguzin/nextcloud/LuSEE/Libero/projects/uart/constraint/user.sdc.
INFO: The option "Abort flow if errors are found in SDC" is turned ON in Project Settings> Design flow page. The Place & Route tool will fail if errors are found in associated SDC files. Please uncheck the option to ignore the errors and continue running the tool.

No errors or warnings found.
INFO: The option "Abort flow if errors are found in PDC" is turned ON in Project Settings> Design flow page. The Place & Route tool will fail if errors are found in associated PDC files. Please uncheck the option to ignore the errors and continue running the tool
***** Place and Route Configurations *****
Timing-driven            : ON
Power-driven             : OFF
I/O Register Combining   : OFF
Global Pins Demotion     : ON
Driver Replication       : OFF
High-effort              : OFF
Repair min-delay         : OFF
Incremental              : OFF
Inter-clock optimization : ON

INFO: Reading User PDC file /home/eraguzin/nextcloud/LuSEE/Libero/projects/uart/constraint/io/user1.pdc. 0 error(s) and 0 warning(s)

 Running Timing based Global Demotion.
        Demoted 0 global pins.

 Timing based Global Demotion completed successfully.

Running the I/O Bank and Globals Assigner.
Info:  Globals Assigner found no global involed in the problem.
Info:  I/O Bank and Globals Assigner identified 22 fixed I/O macros, 0 unfixed I/O macros

I/O Bank and Globals Assigner completed successfully.
Total time spent in I/O Bank and Globals Assigner: 1 seconds

Placer V5.0 - 2022.2.0
Design: top_level                       Started: Tue Oct 25 16:09:40 2022

Initializing Normal-Effort Timing-Driven Placement ...
Clustering ...
Placing ...
Improving placement ...
End of placement.

Placer Runtime Summary   :
Clustering (1 pass)      : 0 seconds
Placement                : 4 seconds
Improvement              : 1 seconds

Placer completed successfully.

Design: top_level
Finished: Tue Oct 25 16:10:16 2022
Total CPU Time:     00:00:36            Total Elapsed Time: 00:00:36
Total Memory Usage: 1509.3 Mbytes
                        o - o - o - o - o - o


Router
Design: top_level                       Started: Tue Oct 25 16:10:22 2022


Router completed successfully.

Design: top_level
Finished: Tue Oct 25 16:10:51 2022
Total CPU Time:     00:00:58            Total Elapsed Time: 00:00:29
Total Memory Usage: 6043.6 Mbytes
                        o - o - o - o - o - o

Resource Usage
+---------------+------+--------+------------+
| Type          | Used | Total  | Percentage |
+---------------+------+--------+------------+
| 4LUT          | 105  | 299544 | 0.04       |
| DFF           | 114  | 299544 | 0.04       |
| I/O Register  | 0    | 510    | 0.00       |
| Logic Element | 149  | 299544 | 0.05       |
+---------------+------+--------+------------+

I/O Placement
+--------+-------+------------+
| Type   | Count | Percentage |
+--------+-------+------------+
| Locked |  22   | 100.00%    |
| Placed |  0    | 0.00%      |
+--------+-------+------------+

Completed writing pin report files.
