Info: [127205813]:  CMPPF_149: Added 'ADLIB:ICB_CLKINT' instance type before pin 'ident_coreinst/comm_block_INST/jtagi/jtag_clkint_prim:A'.
Warning: [127205465]:  CMPPF_007: Top level port button1 is not connected to any I/O pad. Check whether I/O buffer insertion is disabled in Synthesis or whether Block Flow is enabled.
Warning: [127205465]:  CMPPF_007: Top level port button2 is not connected to any I/O pad. Check whether I/O buffer insertion is disabled in Synthesis or whether Block Flow is enabled.

===============================================================================.

Info: Global design data:
      Total globals:                       4
      Globals that cannot be demoted:      1
      Globals considered for demotion:     3


Info: List of globals that cannot be demoted:
    CLK    ASYN   DATA   Instance Name
    ---    ----   ----   -------------
    355    0      0      'ident_coreinst/comm_block_INST/jtagi/jtag_clkint_prim'

Info: List of globals considered for demotion:
    CLK    ASYN   DATA   Instance Name
    ---    ----   ----   -------------
    378    0      0      'I_1'
    13     0      0      'ident_coreinst/comm_block_INST/jtagi/b9_nv_oQwfYF_RNIVIS3'
    8      0      0      'ident_coreinst/comm_block_INST/jtagi/b10_8Kz_rKlrtX_RNIBCIE'

Info: Demotion information:
Info: [127205381]:  CMPPF_302: Added 0 row global instances.
Info: [127205382]:  CMPPF_303: Deleted 0 global instances.

===============================================================================.

